c:\users\김지홍\desktop\jh\assignment1\folder\folder\debug\folder.pch
c:\users\김지홍\desktop\jh\assignment1\folder\folder\debug\vc141.pdb
c:\users\김지홍\desktop\jh\assignment1\folder\folder\debug\vc141.idb
c:\users\김지홍\desktop\jh\assignment1\folder\folder\debug\stdafx.obj
c:\users\김지홍\desktop\jh\assignment1\folder\folder\debug\folderdlg.obj
c:\users\김지홍\desktop\jh\assignment1\folder\folder\debug\folder.obj
f:\mfc\folder\folder\debug\vc141.pdb
f:\mfc\folder\folder\debug\vc141.idb
f:\mfc\folder\folder\debug\folderdlg.obj
f:\mfc\folder\folder\debug\folder.obj
f:\mfc\folder\folder\debug\cchilddlg.obj
f:\mfc\folder\folder\debug\flistname.obj
f:\mfc\folder\folder\debug\folder.pch
f:\mfc\folder\folder\debug\stdafx.obj
f:\mfc\folder\folder\debug\cchild.obj
c:\users\김지홍\desktop\jh\assignment1\folder\debug\folder.exe
c:\users\김지홍\desktop\jh\assignment1\folder\debug\folder.ilk
c:\users\김지홍\desktop\jh\assignment1\folder\debug\folder.pdb
f:\mfc\folder\debug\folder.exe
f:\mfc\folder\debug\folder.ilk
f:\mfc\folder\debug\folder.pdb
c:\users\김지홍\desktop\jh\assignment1\folder\folder\debug\folder.res
f:\mfc\folder\folder\debug\folder.res
f:\mfc\folder\folder\debug\folder.tlog\cl.command.1.tlog
f:\mfc\folder\folder\debug\folder.tlog\cl.read.1.tlog
f:\mfc\folder\folder\debug\folder.tlog\cl.write.1.tlog
f:\mfc\folder\folder\debug\folder.tlog\link.command.1.tlog
f:\mfc\folder\folder\debug\folder.tlog\link.read.1.tlog
f:\mfc\folder\folder\debug\folder.tlog\link.write.1.tlog
f:\mfc\folder\folder\debug\folder.tlog\rc.command.1.tlog
f:\mfc\folder\folder\debug\folder.tlog\rc.read.1.tlog
f:\mfc\folder\folder\debug\folder.tlog\rc.write.1.tlog
